C:\USERS\GAVIN\DESKTOP\SOUNDS\SDLPROJECT\DEBUG\COLLISIONMANAGER.OBJ
C:\USERS\GAVIN\DESKTOP\SOUNDS\SDLPROJECT\DEBUG\GAMEMANAGER.OBJ
C:\USERS\GAVIN\DESKTOP\SOUNDS\SDLPROJECT\DEBUG\GOAL.OBJ
C:\USERS\GAVIN\DESKTOP\SOUNDS\SDLPROJECT\DEBUG\KEYPRESSES.OBJ
C:\USERS\GAVIN\DESKTOP\SOUNDS\SDLPROJECT\DEBUG\MAIN.OBJ
C:\USERS\GAVIN\DESKTOP\SOUNDS\SDLPROJECT\DEBUG\MENU.OBJ
C:\USERS\GAVIN\DESKTOP\SOUNDS\SDLPROJECT\DEBUG\OBSTACLE.OBJ
C:\USERS\GAVIN\DESKTOP\SOUNDS\SDLPROJECT\DEBUG\OBSTACLEMANAGER.OBJ
C:\USERS\GAVIN\DESKTOP\SOUNDS\SDLPROJECT\DEBUG\PICKUP.OBJ
C:\USERS\GAVIN\DESKTOP\SOUNDS\SDLPROJECT\DEBUG\PICKUPMANAGER.OBJ
C:\USERS\GAVIN\DESKTOP\SOUNDS\SDLPROJECT\DEBUG\TINYSTR.OBJ
C:\USERS\GAVIN\DESKTOP\SOUNDS\SDLPROJECT\DEBUG\TINYXML.OBJ
C:\USERS\GAVIN\DESKTOP\SOUNDS\SDLPROJECT\DEBUG\TINYXMLERROR.OBJ
C:\USERS\GAVIN\DESKTOP\SOUNDS\SDLPROJECT\DEBUG\TINYXMLPARSER.OBJ
C:\USERS\GAVIN\DESKTOP\SOUNDS\SDLPROJECT\DEBUG\WORLD.OBJ
C:\USERS\GAVIN\DESKTOP\SOUNDS\SDLPROJECT\DEBUG\VC110.PDB
C:\USERS\GAVIN\DESKTOP\SOUNDS\SDLPROJECT\DEBUG\PLAYER.OBJ
C:\USERS\GAVIN\DESKTOP\TAG2\SDLPROJECT\DEBUG\MAIN.OBJ
C:\USERS\GAVIN\DESKTOP\TAG2\SDLPROJECT\DEBUG\NET.OBJ
C:\USERS\GAVIN\DESKTOP\TAG2\SDLPROJECT\DEBUG\PLAYER.OBJ
C:\USERS\GAVIN\DESKTOP\TAG2\SDLPROJECT\DEBUG\VC110.PDB
C:\USERS\GAVIN\DESKTOP\SOUNDS\DEBUG\SDLPROJECT.ILK
C:\USERS\GAVIN\DESKTOP\SOUNDS\DEBUG\SDLPROJECT.EXE
C:\USERS\GAVIN\DESKTOP\SOUNDS\DEBUG\SDLPROJECT.PDB
C:\USERS\GAVIN\DESKTOP\TAG2\DEBUG\SDLPROJECT.ILK
C:\USERS\GAVIN\DESKTOP\TAG2\DEBUG\SDLPROJECT.EXE
C:\USERS\GAVIN\DESKTOP\TAG2\DEBUG\SDLPROJECT.PDB
C:\USERS\GAVIN\DESKTOP\SOUNDS\SDLPROJECT\DEBUG\SDLPROJECT.RES
C:\USERS\GAVIN\DESKTOP\TAG2\SDLPROJECT\DEBUG\SDLPROJECT.RES
C:\Users\Gavin\Desktop\tag2\SDLProject\Debug\CollisionManager.obj
C:\Users\Gavin\Desktop\tag2\SDLProject\Debug\Goal.obj
C:\Users\Gavin\Desktop\tag2\SDLProject\Debug\KeyPresses.obj
C:\Users\Gavin\Desktop\tag2\SDLProject\Debug\main.obj
C:\Users\Gavin\Desktop\tag2\SDLProject\Debug\Menu.obj
C:\Users\Gavin\Desktop\tag2\SDLProject\Debug\Net.obj
C:\Users\Gavin\Desktop\tag2\SDLProject\Debug\Obstacle.obj
C:\Users\Gavin\Desktop\tag2\SDLProject\Debug\ObstacleManager.obj
C:\Users\Gavin\Desktop\tag2\SDLProject\Debug\Pickup.obj
C:\Users\Gavin\Desktop\tag2\SDLProject\Debug\PickupManager.obj
C:\Users\Gavin\Desktop\tag2\SDLProject\Debug\Player.obj
C:\Users\Gavin\Desktop\tag2\SDLProject\Debug\tinystr.obj
C:\Users\Gavin\Desktop\tag2\SDLProject\Debug\tinyxml.obj
C:\Users\Gavin\Desktop\tag2\SDLProject\Debug\tinyxmlerror.obj
C:\Users\Gavin\Desktop\tag2\SDLProject\Debug\tinyxmlparser.obj
C:\Users\Gavin\Desktop\tag2\SDLProject\Debug\World.obj
C:\Users\Gavin\Desktop\tag2\SDLProject\Debug\cl.command.1.tlog
C:\Users\Gavin\Desktop\tag2\SDLProject\Debug\CL.read.1.tlog
C:\Users\Gavin\Desktop\tag2\SDLProject\Debug\CL.write.1.tlog
C:\Users\Gavin\Desktop\tag2\SDLProject\Debug\link-cvtres.read.1.tlog
C:\Users\Gavin\Desktop\tag2\SDLProject\Debug\link-cvtres.write.1.tlog
C:\Users\Gavin\Desktop\tag2\SDLProject\Debug\link-rc.read.1.tlog
C:\Users\Gavin\Desktop\tag2\SDLProject\Debug\link-rc.write.1.tlog
C:\Users\Gavin\Desktop\tag2\SDLProject\Debug\link.1892-cvtres.read.1.tlog
C:\Users\Gavin\Desktop\tag2\SDLProject\Debug\link.1892-cvtres.write.1.tlog
C:\Users\Gavin\Desktop\tag2\SDLProject\Debug\link.1892-rc.read.1.tlog
C:\Users\Gavin\Desktop\tag2\SDLProject\Debug\link.1892-rc.write.1.tlog
C:\Users\Gavin\Desktop\tag2\SDLProject\Debug\link.1892.read.1.tlog
C:\Users\Gavin\Desktop\tag2\SDLProject\Debug\link.1892.write.1.tlog
C:\Users\Gavin\Desktop\tag2\SDLProject\Debug\link.2136-cvtres.read.1.tlog
C:\Users\Gavin\Desktop\tag2\SDLProject\Debug\link.2136-cvtres.write.1.tlog
C:\Users\Gavin\Desktop\tag2\SDLProject\Debug\link.2136-rc.read.1.tlog
C:\Users\Gavin\Desktop\tag2\SDLProject\Debug\link.2136-rc.write.1.tlog
C:\Users\Gavin\Desktop\tag2\SDLProject\Debug\link.2136.read.1.tlog
C:\Users\Gavin\Desktop\tag2\SDLProject\Debug\link.2136.write.1.tlog
C:\Users\Gavin\Desktop\tag2\SDLProject\Debug\link.3496-cvtres.read.1.tlog
C:\Users\Gavin\Desktop\tag2\SDLProject\Debug\link.3496-cvtres.write.1.tlog
C:\Users\Gavin\Desktop\tag2\SDLProject\Debug\link.3496-rc.read.1.tlog
C:\Users\Gavin\Desktop\tag2\SDLProject\Debug\link.3496-rc.write.1.tlog
C:\Users\Gavin\Desktop\tag2\SDLProject\Debug\link.3496.read.1.tlog
C:\Users\Gavin\Desktop\tag2\SDLProject\Debug\link.3496.write.1.tlog
C:\Users\Gavin\Desktop\tag2\SDLProject\Debug\link.3588-cvtres.read.1.tlog
C:\Users\Gavin\Desktop\tag2\SDLProject\Debug\link.3588-cvtres.write.1.tlog
C:\Users\Gavin\Desktop\tag2\SDLProject\Debug\link.3588-rc.read.1.tlog
C:\Users\Gavin\Desktop\tag2\SDLProject\Debug\link.3588-rc.write.1.tlog
C:\Users\Gavin\Desktop\tag2\SDLProject\Debug\link.3588.read.1.tlog
C:\Users\Gavin\Desktop\tag2\SDLProject\Debug\link.3588.write.1.tlog
C:\Users\Gavin\Desktop\tag2\SDLProject\Debug\link.3868-cvtres.read.1.tlog
C:\Users\Gavin\Desktop\tag2\SDLProject\Debug\link.3868-cvtres.write.1.tlog
C:\Users\Gavin\Desktop\tag2\SDLProject\Debug\link.3868-rc.read.1.tlog
C:\Users\Gavin\Desktop\tag2\SDLProject\Debug\link.3868-rc.write.1.tlog
C:\Users\Gavin\Desktop\tag2\SDLProject\Debug\link.3868.read.1.tlog
C:\Users\Gavin\Desktop\tag2\SDLProject\Debug\link.3868.write.1.tlog
C:\Users\Gavin\Desktop\tag2\SDLProject\Debug\link.4640-cvtres.read.1.tlog
C:\Users\Gavin\Desktop\tag2\SDLProject\Debug\link.4640-cvtres.write.1.tlog
C:\Users\Gavin\Desktop\tag2\SDLProject\Debug\link.4640-rc.read.1.tlog
C:\Users\Gavin\Desktop\tag2\SDLProject\Debug\link.4640-rc.write.1.tlog
C:\Users\Gavin\Desktop\tag2\SDLProject\Debug\link.4640.read.1.tlog
C:\Users\Gavin\Desktop\tag2\SDLProject\Debug\link.4640.write.1.tlog
C:\Users\Gavin\Desktop\tag2\SDLProject\Debug\link.5324-cvtres.read.1.tlog
C:\Users\Gavin\Desktop\tag2\SDLProject\Debug\link.5324-cvtres.write.1.tlog
C:\Users\Gavin\Desktop\tag2\SDLProject\Debug\link.5324-rc.read.1.tlog
C:\Users\Gavin\Desktop\tag2\SDLProject\Debug\link.5324-rc.write.1.tlog
C:\Users\Gavin\Desktop\tag2\SDLProject\Debug\link.5324.read.1.tlog
C:\Users\Gavin\Desktop\tag2\SDLProject\Debug\link.5324.write.1.tlog
C:\Users\Gavin\Desktop\tag2\SDLProject\Debug\link.5612-cvtres.read.1.tlog
C:\Users\Gavin\Desktop\tag2\SDLProject\Debug\link.5612-cvtres.write.1.tlog
C:\Users\Gavin\Desktop\tag2\SDLProject\Debug\link.5612-rc.read.1.tlog
C:\Users\Gavin\Desktop\tag2\SDLProject\Debug\link.5612-rc.write.1.tlog
C:\Users\Gavin\Desktop\tag2\SDLProject\Debug\link.5612.read.1.tlog
C:\Users\Gavin\Desktop\tag2\SDLProject\Debug\link.5612.write.1.tlog
C:\Users\Gavin\Desktop\tag2\SDLProject\Debug\link.5804-cvtres.read.1.tlog
C:\Users\Gavin\Desktop\tag2\SDLProject\Debug\link.5804-cvtres.write.1.tlog
C:\Users\Gavin\Desktop\tag2\SDLProject\Debug\link.5804-rc.read.1.tlog
C:\Users\Gavin\Desktop\tag2\SDLProject\Debug\link.5804-rc.write.1.tlog
C:\Users\Gavin\Desktop\tag2\SDLProject\Debug\link.5804.read.1.tlog
C:\Users\Gavin\Desktop\tag2\SDLProject\Debug\link.5804.write.1.tlog
C:\Users\Gavin\Desktop\tag2\SDLProject\Debug\link.5900-cvtres.read.1.tlog
C:\Users\Gavin\Desktop\tag2\SDLProject\Debug\link.5900-cvtres.write.1.tlog
C:\Users\Gavin\Desktop\tag2\SDLProject\Debug\link.5900-rc.read.1.tlog
C:\Users\Gavin\Desktop\tag2\SDLProject\Debug\link.5900-rc.write.1.tlog
C:\Users\Gavin\Desktop\tag2\SDLProject\Debug\link.5900.read.1.tlog
C:\Users\Gavin\Desktop\tag2\SDLProject\Debug\link.5900.write.1.tlog
C:\Users\Gavin\Desktop\tag2\SDLProject\Debug\link.5968-cvtres.read.1.tlog
C:\Users\Gavin\Desktop\tag2\SDLProject\Debug\link.5968-cvtres.write.1.tlog
C:\Users\Gavin\Desktop\tag2\SDLProject\Debug\link.5968-rc.read.1.tlog
C:\Users\Gavin\Desktop\tag2\SDLProject\Debug\link.5968-rc.write.1.tlog
C:\Users\Gavin\Desktop\tag2\SDLProject\Debug\link.5968.read.1.tlog
C:\Users\Gavin\Desktop\tag2\SDLProject\Debug\link.5968.write.1.tlog
C:\Users\Gavin\Desktop\tag2\SDLProject\Debug\link.5992-cvtres.read.1.tlog
C:\Users\Gavin\Desktop\tag2\SDLProject\Debug\link.5992-cvtres.write.1.tlog
C:\Users\Gavin\Desktop\tag2\SDLProject\Debug\link.5992-rc.read.1.tlog
C:\Users\Gavin\Desktop\tag2\SDLProject\Debug\link.5992-rc.write.1.tlog
C:\Users\Gavin\Desktop\tag2\SDLProject\Debug\link.5992.read.1.tlog
C:\Users\Gavin\Desktop\tag2\SDLProject\Debug\link.5992.write.1.tlog
C:\Users\Gavin\Desktop\tag2\SDLProject\Debug\link.6044-cvtres.read.1.tlog
C:\Users\Gavin\Desktop\tag2\SDLProject\Debug\link.6044-cvtres.write.1.tlog
C:\Users\Gavin\Desktop\tag2\SDLProject\Debug\link.6044-rc.read.1.tlog
C:\Users\Gavin\Desktop\tag2\SDLProject\Debug\link.6044-rc.write.1.tlog
C:\Users\Gavin\Desktop\tag2\SDLProject\Debug\link.6044.read.1.tlog
C:\Users\Gavin\Desktop\tag2\SDLProject\Debug\link.6044.write.1.tlog
C:\Users\Gavin\Desktop\tag2\SDLProject\Debug\link.6076-cvtres.read.1.tlog
C:\Users\Gavin\Desktop\tag2\SDLProject\Debug\link.6076-cvtres.write.1.tlog
C:\Users\Gavin\Desktop\tag2\SDLProject\Debug\link.6076-rc.read.1.tlog
C:\Users\Gavin\Desktop\tag2\SDLProject\Debug\link.6076-rc.write.1.tlog
C:\Users\Gavin\Desktop\tag2\SDLProject\Debug\link.6076.read.1.tlog
C:\Users\Gavin\Desktop\tag2\SDLProject\Debug\link.6076.write.1.tlog
C:\Users\Gavin\Desktop\tag2\SDLProject\Debug\link.6096-cvtres.read.1.tlog
C:\Users\Gavin\Desktop\tag2\SDLProject\Debug\link.6096-cvtres.write.1.tlog
C:\Users\Gavin\Desktop\tag2\SDLProject\Debug\link.6096-rc.read.1.tlog
C:\Users\Gavin\Desktop\tag2\SDLProject\Debug\link.6096-rc.write.1.tlog
C:\Users\Gavin\Desktop\tag2\SDLProject\Debug\link.6096.read.1.tlog
C:\Users\Gavin\Desktop\tag2\SDLProject\Debug\link.6096.write.1.tlog
C:\Users\Gavin\Desktop\tag2\SDLProject\Debug\link.6124-cvtres.read.1.tlog
C:\Users\Gavin\Desktop\tag2\SDLProject\Debug\link.6124-cvtres.write.1.tlog
C:\Users\Gavin\Desktop\tag2\SDLProject\Debug\link.6124-rc.read.1.tlog
C:\Users\Gavin\Desktop\tag2\SDLProject\Debug\link.6124-rc.write.1.tlog
C:\Users\Gavin\Desktop\tag2\SDLProject\Debug\link.6124.read.1.tlog
C:\Users\Gavin\Desktop\tag2\SDLProject\Debug\link.6124.write.1.tlog
C:\Users\Gavin\Desktop\tag2\SDLProject\Debug\link.command.1.tlog
C:\Users\Gavin\Desktop\tag2\SDLProject\Debug\link.read.1.tlog
C:\Users\Gavin\Desktop\tag2\SDLProject\Debug\link.write.1.tlog
C:\Users\Gavin\Desktop\tag2\SDLProject\Debug\rc.command.1.tlog
C:\Users\Gavin\Desktop\tag2\SDLProject\Debug\rc.read.1.tlog
C:\Users\Gavin\Desktop\tag2\SDLProject\Debug\rc.write.1.tlog
C:\Users\Gavin\Desktop\tag2\SDLProject\Debug\SDLProject.res
C:\Users\Gavin\Desktop\tag2\SDLProject\Debug\vc110.idb
C:\Users\Gavin\Desktop\tag2\SDLProject\Debug\vc110.pdb
C:\Users\Gavin\Desktop\tag2\Debug\SDLProject.pdb
C:\Users\Gavin\Desktop\tag2\Debug\SDLProject.exe
C:\Users\Gavin\Desktop\tag2\Debug\SDLProject.ilk
